This file contains any messages produced by compilers while
running configure, to aid debugging if configure makes a mistake.

It was created by configure, which was
generated by GNU Autoconf 2.69.  Invocation command line was

  $ ./configure --target=x86_64-mandriva-linux-gnu --host=x86_64-mandriva-linux-gnu --build=x86_64-mandriva-linux-gnu --disable-silent-rules --program-prefix= --prefix=/usr --exec-prefix=/usr --bindir=/usr/bin --sbindir=/usr/sbin --sysconfdir=/etc --datadir=/usr/share --includedir=/usr/include --libdir=/usr/lib64 --libexecdir=/usr/lib64 --localstatedir=/var --sharedstatedir=/usr/com --mandir=/usr/share/man --infodir=/usr/share/info --x-includes=/usr/include --x-libraries=/usr/lib64 build_alias=x86_64-mandriva-linux-gnu host_alias=x86_64-mandriva-linux-gnu target_alias=x86_64-mandriva-linux-gnu CFLAGS=-O2 -Wa,--compress-debug-sections -gdwarf-4 -fvar-tracking-assignments -frecord-gcc-switches -Wstrict-aliasing=2 -pipe -Wformat -Werror=format-security -Wp,-D_FORTIFY_SOURCE=2 -fstack-protector --param=ssp-buffer-size=4  -fPIC LDFLAGS= -Wl,--no-undefined CXXFLAGS=-O2 -Wa,--compress-debug-sections -gdwarf-4 -fvar-tracking-assignments -frecord-gcc-switches -Wstrict-aliasing=2 -pipe -Wformat -Werror=format-security -Wp,-D_FORTIFY_SOURCE=2 -fstack-protector --param=ssp-buffer-size=4  -fPIC --no-create --no-recursion

## --------- ##
## Platform. ##
## --------- ##

hostname = filzbach.lindev.ch
uname -m = x86_64
uname -r = 3.6.10-nrj-desktop-1rosa
uname -s = Linux
uname -v = #1 SMP PREEMPT Wed Dec 12 13:59:22 UTC 2012

/usr/bin/uname -p = unknown
/bin/uname -X     = unknown

/bin/arch              = x86_64
/usr/bin/arch -k       = unknown
/usr/convex/getsysinfo = unknown
/usr/bin/hostinfo      = unknown
/bin/machine           = unknown
/usr/bin/oslevel       = unknown
/bin/universe          = unknown

PATH: /usr/bin
PATH: /bin
PATH: /usr/local/bin
PATH: /usr/X11R6/bin/
PATH: /usr/games
PATH: /usr/lib/qt4/bin
PATH: /home/bero/repos/linaro-android/scripts
PATH: /home/bero/bin
PATH: /home/bero/repos/linaro-android/scripts


## ----------- ##
## Core tests. ##
## ----------- ##

configure:2427: checking for a BSD-compatible install
configure:2495: result: /usr/bin/install -c
configure:2506: checking whether build environment is sane
configure:2561: result: yes
configure:2712: checking for a thread-safe mkdir -p
configure:2751: result: /bin/mkdir -p
configure:2758: checking for gawk
configure:2774: found /usr/bin/gawk
configure:2785: result: gawk
configure:2796: checking whether make sets $(MAKE)
configure:2818: result: yes
configure:2847: checking whether make supports nested variables
configure:2864: result: yes
configure:2949: checking whether to enable maintainer-specific portions of Makefiles
configure:2958: result: yes
configure:2981: checking build system type
configure:2995: result: x86_64-mandriva-linux-gnu
configure:3015: checking host system type
configure:3028: result: x86_64-mandriva-linux-gnu
configure:3058: checking for x86_64-mandriva-linux-gnu-gcc
configure:3074: found /usr/bin/x86_64-mandriva-linux-gnu-gcc
configure:3085: result: x86_64-mandriva-linux-gnu-gcc
configure:3354: checking for C compiler version
configure:3363: x86_64-mandriva-linux-gnu-gcc --version >&5
x86_64-mandriva-linux-gnu-gcc (Linaro GCC 4.7-2012.12) 4.7.3 20121205 (Mandriva)
Copyright (C) 2012 Free Software Foundation, Inc.
This is free software; see the source for copying conditions.  There is NO
warranty; not even for MERCHANTABILITY or FITNESS FOR A PARTICULAR PURPOSE.

configure:3374: $? = 0
configure:3363: x86_64-mandriva-linux-gnu-gcc -v >&5
Using built-in specs.
COLLECT_GCC=x86_64-mandriva-linux-gnu-gcc
COLLECT_LTO_WRAPPER=/usr/lib64/gcc/x86_64-mandriva-linux-gnu/4.7.3/lto-wrapper
Target: x86_64-mandriva-linux-gnu
Configured with: ./configure --build=x86_64-mandriva-linux-gnu --disable-silent-rules --prefix=/usr --exec-prefix=/usr --bindir=/usr/bin --sbindir=/usr/sbin --sysconfdir=/etc --datadir=/usr/share --includedir=/usr/include --libdir=/usr/lib64 --libexecdir=/usr/lib64 --localstatedir=/var --sharedstatedir=/usr/com --mandir=/usr/share/man --infodir=/usr/share/info --x-includes=/usr/include --x-libraries=/usr/lib64 --disable-libjava-multilib --with-java-home=/usr/lib/jvm/java-1.5.0-gcj-1.5.0.0/jre --with-ecj-jar=/usr/share/java/eclipse-ecj.jar --enable-java-awt=gtk --enable-gtk-cairo --with-cloog --with-ppl --enable-cloog-backend=ppl --disable-libssp --disable-libunwind-exceptions --disable-werror --enable-__cxa_atexit --enable-gold=default --with-plugin-ld=/usr/bin/ld --enable-bootstrap --enable-checking=release --enable-gnu-unique-object --enable-languages=c,ada,c++,fortran,go,java,lto,objc,obj-c++ --enable-linker-build-id --enable-plugin --enable-lto --enable-shared --enable-threads=posix --with-system-zlib --with-bugurl=https://qa.mandriva.com/ --with-tune=generic --with-arch_32=i586 --with-multilib-list=m32,m64 --host=x86_64-mandriva-linux-gnu --target=x86_64-mandriva-linux-gnu
Thread model: posix
gcc version 4.7.3 20121205 (Mandriva) (Linaro GCC 4.7-2012.12) 
configure:3374: $? = 0
configure:3363: x86_64-mandriva-linux-gnu-gcc -V >&5
x86_64-mandriva-linux-gnu-gcc: error: unrecognized command line option '-V'
x86_64-mandriva-linux-gnu-gcc: fatal error: no input files
compilation terminated.
configure:3374: $? = 1
configure:3363: x86_64-mandriva-linux-gnu-gcc -qversion >&5
x86_64-mandriva-linux-gnu-gcc: error: unrecognized command line option '-qversion'
x86_64-mandriva-linux-gnu-gcc: fatal error: no input files
compilation terminated.
configure:3374: $? = 1
configure:3394: checking whether the C compiler works
configure:3416: x86_64-mandriva-linux-gnu-gcc -O2 -Wa,--compress-debug-sections -gdwarf-4 -fvar-tracking-assignments -frecord-gcc-switches -Wstrict-aliasing=2 -pipe -Wformat -Werror=format-security -Wp,-D_FORTIFY_SOURCE=2 -fstack-protector --param=ssp-buffer-size=4  -fPIC   -Wl,--no-undefined conftest.c  >&5
configure:3420: $? = 0
configure:3468: result: yes
configure:3471: checking for C compiler default output file name
configure:3473: result: a.out
configure:3479: checking for suffix of executables
configure:3486: x86_64-mandriva-linux-gnu-gcc -o conftest -O2 -Wa,--compress-debug-sections -gdwarf-4 -fvar-tracking-assignments -frecord-gcc-switches -Wstrict-aliasing=2 -pipe -Wformat -Werror=format-security -Wp,-D_FORTIFY_SOURCE=2 -fstack-protector --param=ssp-buffer-size=4  -fPIC   -Wl,--no-undefined conftest.c  >&5
configure:3490: $? = 0
configure:3512: result: 
configure:3534: checking whether we are cross compiling
configure:3542: x86_64-mandriva-linux-gnu-gcc -o conftest -O2 -Wa,--compress-debug-sections -gdwarf-4 -fvar-tracking-assignments -frecord-gcc-switches -Wstrict-aliasing=2 -pipe -Wformat -Werror=format-security -Wp,-D_FORTIFY_SOURCE=2 -fstack-protector --param=ssp-buffer-size=4  -fPIC   -Wl,--no-undefined conftest.c  >&5
configure:3546: $? = 0
configure:3553: ./conftest
configure:3557: $? = 0
configure:3572: result: no
configure:3577: checking for suffix of object files
configure:3599: x86_64-mandriva-linux-gnu-gcc -c -O2 -Wa,--compress-debug-sections -gdwarf-4 -fvar-tracking-assignments -frecord-gcc-switches -Wstrict-aliasing=2 -pipe -Wformat -Werror=format-security -Wp,-D_FORTIFY_SOURCE=2 -fstack-protector --param=ssp-buffer-size=4  -fPIC  conftest.c >&5
configure:3603: $? = 0
configure:3624: result: o
configure:3628: checking whether we are using the GNU C compiler
configure:3647: x86_64-mandriva-linux-gnu-gcc -c -O2 -Wa,--compress-debug-sections -gdwarf-4 -fvar-tracking-assignments -frecord-gcc-switches -Wstrict-aliasing=2 -pipe -Wformat -Werror=format-security -Wp,-D_FORTIFY_SOURCE=2 -fstack-protector --param=ssp-buffer-size=4  -fPIC  conftest.c >&5
configure:3647: $? = 0
configure:3656: result: yes
configure:3665: checking whether x86_64-mandriva-linux-gnu-gcc accepts -g
configure:3685: x86_64-mandriva-linux-gnu-gcc -c -g  conftest.c >&5
configure:3685: $? = 0
configure:3726: result: yes
configure:3743: checking for x86_64-mandriva-linux-gnu-gcc option to accept ISO C89
configure:3806: x86_64-mandriva-linux-gnu-gcc  -c -O2 -Wa,--compress-debug-sections -gdwarf-4 -fvar-tracking-assignments -frecord-gcc-switches -Wstrict-aliasing=2 -pipe -Wformat -Werror=format-security -Wp,-D_FORTIFY_SOURCE=2 -fstack-protector --param=ssp-buffer-size=4  -fPIC  conftest.c >&5
configure:3806: $? = 0
configure:3819: result: none needed
configure:3850: checking for style of include used by make
configure:3878: result: GNU
configure:3904: checking dependency style of x86_64-mandriva-linux-gnu-gcc
configure:4015: result: gcc3
configure:4044: checking for x86_64-mandriva-linux-gnu-g++
configure:4060: found /usr/bin/x86_64-mandriva-linux-gnu-g++
configure:4071: result: x86_64-mandriva-linux-gnu-g++
configure:4142: checking for C++ compiler version
configure:4151: x86_64-mandriva-linux-gnu-g++ --version >&5
x86_64-mandriva-linux-gnu-g++ (Linaro GCC 4.7-2012.12) 4.7.3 20121205 (Mandriva)
Copyright (C) 2012 Free Software Foundation, Inc.
This is free software; see the source for copying conditions.  There is NO
warranty; not even for MERCHANTABILITY or FITNESS FOR A PARTICULAR PURPOSE.

configure:4162: $? = 0
configure:4151: x86_64-mandriva-linux-gnu-g++ -v >&5
Using built-in specs.
COLLECT_GCC=x86_64-mandriva-linux-gnu-g++
COLLECT_LTO_WRAPPER=/usr/lib64/gcc/x86_64-mandriva-linux-gnu/4.7.3/lto-wrapper
Target: x86_64-mandriva-linux-gnu
Configured with: ./configure --build=x86_64-mandriva-linux-gnu --disable-silent-rules --prefix=/usr --exec-prefix=/usr --bindir=/usr/bin --sbindir=/usr/sbin --sysconfdir=/etc --datadir=/usr/share --includedir=/usr/include --libdir=/usr/lib64 --libexecdir=/usr/lib64 --localstatedir=/var --sharedstatedir=/usr/com --mandir=/usr/share/man --infodir=/usr/share/info --x-includes=/usr/include --x-libraries=/usr/lib64 --disable-libjava-multilib --with-java-home=/usr/lib/jvm/java-1.5.0-gcj-1.5.0.0/jre --with-ecj-jar=/usr/share/java/eclipse-ecj.jar --enable-java-awt=gtk --enable-gtk-cairo --with-cloog --with-ppl --enable-cloog-backend=ppl --disable-libssp --disable-libunwind-exceptions --disable-werror --enable-__cxa_atexit --enable-gold=default --with-plugin-ld=/usr/bin/ld --enable-bootstrap --enable-checking=release --enable-gnu-unique-object --enable-languages=c,ada,c++,fortran,go,java,lto,objc,obj-c++ --enable-linker-build-id --enable-plugin --enable-lto --enable-shared --enable-threads=posix --with-system-zlib --with-bugurl=https://qa.mandriva.com/ --with-tune=generic --with-arch_32=i586 --with-multilib-list=m32,m64 --host=x86_64-mandriva-linux-gnu --target=x86_64-mandriva-linux-gnu
Thread model: posix
gcc version 4.7.3 20121205 (Mandriva) (Linaro GCC 4.7-2012.12) 
configure:4162: $? = 0
configure:4151: x86_64-mandriva-linux-gnu-g++ -V >&5
x86_64-mandriva-linux-gnu-g++: error: unrecognized command line option '-V'
x86_64-mandriva-linux-gnu-g++: fatal error: no input files
compilation terminated.
configure:4162: $? = 1
configure:4151: x86_64-mandriva-linux-gnu-g++ -qversion >&5
x86_64-mandriva-linux-gnu-g++: error: unrecognized command line option '-qversion'
x86_64-mandriva-linux-gnu-g++: fatal error: no input files
compilation terminated.
configure:4162: $? = 1
configure:4166: checking whether we are using the GNU C++ compiler
configure:4185: x86_64-mandriva-linux-gnu-g++ -c -O2 -Wa,--compress-debug-sections -gdwarf-4 -fvar-tracking-assignments -frecord-gcc-switches -Wstrict-aliasing=2 -pipe -Wformat -Werror=format-security -Wp,-D_FORTIFY_SOURCE=2 -fstack-protector --param=ssp-buffer-size=4  -fPIC  conftest.cpp >&5
configure:4185: $? = 0
configure:4194: result: yes
configure:4203: checking whether x86_64-mandriva-linux-gnu-g++ accepts -g
configure:4223: x86_64-mandriva-linux-gnu-g++ -c -g  conftest.cpp >&5
configure:4223: $? = 0
configure:4264: result: yes
configure:4289: checking dependency style of x86_64-mandriva-linux-gnu-g++
configure:4400: result: gcc3
configure:4462: checking how to print strings
configure:4489: result: printf
configure:4510: checking for a sed that does not truncate output
configure:4574: result: /bin/sed
configure:4592: checking for grep that handles long lines and -e
configure:4650: result: /bin/grep
configure:4655: checking for egrep
configure:4717: result: /bin/grep -E
configure:4722: checking for fgrep
configure:4784: result: /bin/grep -F
configure:4819: checking for ld used by x86_64-mandriva-linux-gnu-gcc
configure:4886: result: /usr/bin/ld
configure:4893: checking if the linker (/usr/bin/ld) is GNU ld
configure:4908: result: yes
configure:4920: checking for BSD- or MS-compatible name lister (nm)
configure:4969: result: /usr/bin/nm -B
configure:5099: checking the name lister (/usr/bin/nm -B) interface
configure:5106: x86_64-mandriva-linux-gnu-gcc -c -O2 -Wa,--compress-debug-sections -gdwarf-4 -fvar-tracking-assignments -frecord-gcc-switches -Wstrict-aliasing=2 -pipe -Wformat -Werror=format-security -Wp,-D_FORTIFY_SOURCE=2 -fstack-protector --param=ssp-buffer-size=4  -fPIC  conftest.c >&5
configure:5109: /usr/bin/nm -B "conftest.o"
configure:5112: output
0000000000000000 B some_variable
configure:5119: result: BSD nm
configure:5122: checking whether ln -s works
configure:5126: result: yes
configure:5134: checking the maximum length of command line arguments
configure:5264: result: 1572864
configure:5281: checking whether the shell understands some XSI constructs
configure:5291: result: yes
configure:5295: checking whether the shell understands "+="
configure:5301: result: yes
configure:5336: checking how to convert x86_64-mandriva-linux-gnu file names to x86_64-mandriva-linux-gnu format
configure:5376: result: func_convert_file_noop
configure:5383: checking how to convert x86_64-mandriva-linux-gnu file names to toolchain format
configure:5403: result: func_convert_file_noop
configure:5410: checking for /usr/bin/ld option to reload object files
configure:5417: result: -r
configure:5451: checking for x86_64-mandriva-linux-gnu-objdump
configure:5467: found /usr/bin/x86_64-mandriva-linux-gnu-objdump
configure:5478: result: x86_64-mandriva-linux-gnu-objdump
configure:5550: checking how to recognize dependent libraries
configure:5752: result: pass_all
configure:5797: checking for x86_64-mandriva-linux-gnu-dlltool
configure:5827: result: no
configure:5837: checking for dlltool
configure:5867: result: no
configure:5897: checking how to associate runtime and link libraries
configure:5924: result: printf %s\n
configure:5941: checking for x86_64-mandriva-linux-gnu-ar
configure:5957: found /usr/bin/x86_64-mandriva-linux-gnu-ar
configure:5968: result: x86_64-mandriva-linux-gnu-ar
configure:6049: checking for archiver @FILE support
configure:6066: x86_64-mandriva-linux-gnu-gcc -c -O2 -Wa,--compress-debug-sections -gdwarf-4 -fvar-tracking-assignments -frecord-gcc-switches -Wstrict-aliasing=2 -pipe -Wformat -Werror=format-security -Wp,-D_FORTIFY_SOURCE=2 -fstack-protector --param=ssp-buffer-size=4  -fPIC  conftest.c >&5
configure:6066: $? = 0
configure:6069: x86_64-mandriva-linux-gnu-ar cru libconftest.a @conftest.lst >&5
configure:6072: $? = 0
configure:6077: x86_64-mandriva-linux-gnu-ar cru libconftest.a @conftest.lst >&5
x86_64-mandriva-linux-gnu-ar: conftest.o: No such file or directory
configure:6080: $? = 1
configure:6092: result: @
configure:6110: checking for x86_64-mandriva-linux-gnu-strip
configure:6126: found /usr/bin/x86_64-mandriva-linux-gnu-strip
configure:6137: result: x86_64-mandriva-linux-gnu-strip
configure:6209: checking for x86_64-mandriva-linux-gnu-ranlib
configure:6225: found /usr/bin/x86_64-mandriva-linux-gnu-ranlib
configure:6236: result: x86_64-mandriva-linux-gnu-ranlib
configure:6378: checking command to parse /usr/bin/nm -B output from x86_64-mandriva-linux-gnu-gcc object
configure:6498: x86_64-mandriva-linux-gnu-gcc -c -O2 -Wa,--compress-debug-sections -gdwarf-4 -fvar-tracking-assignments -frecord-gcc-switches -Wstrict-aliasing=2 -pipe -Wformat -Werror=format-security -Wp,-D_FORTIFY_SOURCE=2 -fstack-protector --param=ssp-buffer-size=4  -fPIC  conftest.c >&5
configure:6501: $? = 0
configure:6505: /usr/bin/nm -B conftest.o \| sed -n -e 's/^.*[ ]\([ABCDGIRSTW][ABCDGIRSTW]*\)[ ][ ]*\([_A-Za-z][_A-Za-z0-9]*\)$/\1 \2 \2/p' | sed '/ __gnu_lto/d' \> conftest.nm
configure:6508: $? = 0
configure:6574: x86_64-mandriva-linux-gnu-gcc -o conftest -O2 -Wa,--compress-debug-sections -gdwarf-4 -fvar-tracking-assignments -frecord-gcc-switches -Wstrict-aliasing=2 -pipe -Wformat -Werror=format-security -Wp,-D_FORTIFY_SOURCE=2 -fstack-protector --param=ssp-buffer-size=4  -fPIC   -Wl,--no-undefined conftest.c conftstm.o >&5
configure:6577: $? = 0
configure:6615: result: ok
configure:6652: checking for sysroot
configure:6682: result: no
configure:6759: x86_64-mandriva-linux-gnu-gcc -c -O2 -Wa,--compress-debug-sections -gdwarf-4 -fvar-tracking-assignments -frecord-gcc-switches -Wstrict-aliasing=2 -pipe -Wformat -Werror=format-security -Wp,-D_FORTIFY_SOURCE=2 -fstack-protector --param=ssp-buffer-size=4  -fPIC  conftest.c >&5
configure:6762: $? = 0
configure:6898: checking for x86_64-mandriva-linux-gnu-mt
configure:6928: result: no
configure:6938: checking for mt
configure:6968: result: no
configure:6988: checking if : is a manifest tool
configure:6994: : '-?'
configure:7002: result: no
configure:7644: checking how to run the C preprocessor
configure:7675: x86_64-mandriva-linux-gnu-gcc -E  conftest.c
configure:7675: $? = 0
configure:7689: x86_64-mandriva-linux-gnu-gcc -E  conftest.c
conftest.c:11:28: fatal error: ac_nonexistent.h: No such file or directory
compilation terminated.
configure:7689: $? = 1
configure: failed program was:
| /* confdefs.h */
| #define PACKAGE_NAME ""
| #define PACKAGE_TARNAME ""
| #define PACKAGE_VERSION ""
| #define PACKAGE_STRING ""
| #define PACKAGE_BUGREPORT ""
| #define PACKAGE_URL ""
| #define PACKAGE "ntrack"
| #define VERSION "016"
| /* end confdefs.h.  */
| #include <ac_nonexistent.h>
configure:7714: result: x86_64-mandriva-linux-gnu-gcc -E
configure:7734: x86_64-mandriva-linux-gnu-gcc -E  conftest.c
configure:7734: $? = 0
configure:7748: x86_64-mandriva-linux-gnu-gcc -E  conftest.c
conftest.c:11:28: fatal error: ac_nonexistent.h: No such file or directory
compilation terminated.
configure:7748: $? = 1
configure: failed program was:
| /* confdefs.h */
| #define PACKAGE_NAME ""
| #define PACKAGE_TARNAME ""
| #define PACKAGE_VERSION ""
| #define PACKAGE_STRING ""
| #define PACKAGE_BUGREPORT ""
| #define PACKAGE_URL ""
| #define PACKAGE "ntrack"
| #define VERSION "016"
| /* end confdefs.h.  */
| #include <ac_nonexistent.h>
configure:7777: checking for ANSI C header files
configure:7797: x86_64-mandriva-linux-gnu-gcc -c -O2 -Wa,--compress-debug-sections -gdwarf-4 -fvar-tracking-assignments -frecord-gcc-switches -Wstrict-aliasing=2 -pipe -Wformat -Werror=format-security -Wp,-D_FORTIFY_SOURCE=2 -fstack-protector --param=ssp-buffer-size=4  -fPIC  conftest.c >&5
configure:7797: $? = 0
configure:7870: x86_64-mandriva-linux-gnu-gcc -o conftest -O2 -Wa,--compress-debug-sections -gdwarf-4 -fvar-tracking-assignments -frecord-gcc-switches -Wstrict-aliasing=2 -pipe -Wformat -Werror=format-security -Wp,-D_FORTIFY_SOURCE=2 -fstack-protector --param=ssp-buffer-size=4  -fPIC   -Wl,--no-undefined conftest.c  >&5
configure:7870: $? = 0
configure:7870: ./conftest
configure:7870: $? = 0
configure:7881: result: yes
configure:7894: checking for sys/types.h
configure:7894: x86_64-mandriva-linux-gnu-gcc -c -O2 -Wa,--compress-debug-sections -gdwarf-4 -fvar-tracking-assignments -frecord-gcc-switches -Wstrict-aliasing=2 -pipe -Wformat -Werror=format-security -Wp,-D_FORTIFY_SOURCE=2 -fstack-protector --param=ssp-buffer-size=4  -fPIC  conftest.c >&5
configure:7894: $? = 0
configure:7894: result: yes
configure:7894: checking for sys/stat.h
configure:7894: x86_64-mandriva-linux-gnu-gcc -c -O2 -Wa,--compress-debug-sections -gdwarf-4 -fvar-tracking-assignments -frecord-gcc-switches -Wstrict-aliasing=2 -pipe -Wformat -Werror=format-security -Wp,-D_FORTIFY_SOURCE=2 -fstack-protector --param=ssp-buffer-size=4  -fPIC  conftest.c >&5
configure:7894: $? = 0
configure:7894: result: yes
configure:7894: checking for stdlib.h
configure:7894: x86_64-mandriva-linux-gnu-gcc -c -O2 -Wa,--compress-debug-sections -gdwarf-4 -fvar-tracking-assignments -frecord-gcc-switches -Wstrict-aliasing=2 -pipe -Wformat -Werror=format-security -Wp,-D_FORTIFY_SOURCE=2 -fstack-protector --param=ssp-buffer-size=4  -fPIC  conftest.c >&5
configure:7894: $? = 0
configure:7894: result: yes
configure:7894: checking for string.h
configure:7894: x86_64-mandriva-linux-gnu-gcc -c -O2 -Wa,--compress-debug-sections -gdwarf-4 -fvar-tracking-assignments -frecord-gcc-switches -Wstrict-aliasing=2 -pipe -Wformat -Werror=format-security -Wp,-D_FORTIFY_SOURCE=2 -fstack-protector --param=ssp-buffer-size=4  -fPIC  conftest.c >&5
configure:7894: $? = 0
configure:7894: result: yes
configure:7894: checking for memory.h
configure:7894: x86_64-mandriva-linux-gnu-gcc -c -O2 -Wa,--compress-debug-sections -gdwarf-4 -fvar-tracking-assignments -frecord-gcc-switches -Wstrict-aliasing=2 -pipe -Wformat -Werror=format-security -Wp,-D_FORTIFY_SOURCE=2 -fstack-protector --param=ssp-buffer-size=4  -fPIC  conftest.c >&5
configure:7894: $? = 0
configure:7894: result: yes
configure:7894: checking for strings.h
configure:7894: x86_64-mandriva-linux-gnu-gcc -c -O2 -Wa,--compress-debug-sections -gdwarf-4 -fvar-tracking-assignments -frecord-gcc-switches -Wstrict-aliasing=2 -pipe -Wformat -Werror=format-security -Wp,-D_FORTIFY_SOURCE=2 -fstack-protector --param=ssp-buffer-size=4  -fPIC  conftest.c >&5
configure:7894: $? = 0
configure:7894: result: yes
configure:7894: checking for inttypes.h
configure:7894: x86_64-mandriva-linux-gnu-gcc -c -O2 -Wa,--compress-debug-sections -gdwarf-4 -fvar-tracking-assignments -frecord-gcc-switches -Wstrict-aliasing=2 -pipe -Wformat -Werror=format-security -Wp,-D_FORTIFY_SOURCE=2 -fstack-protector --param=ssp-buffer-size=4  -fPIC  conftest.c >&5
configure:7894: $? = 0
configure:7894: result: yes
configure:7894: checking for stdint.h
configure:7894: x86_64-mandriva-linux-gnu-gcc -c -O2 -Wa,--compress-debug-sections -gdwarf-4 -fvar-tracking-assignments -frecord-gcc-switches -Wstrict-aliasing=2 -pipe -Wformat -Werror=format-security -Wp,-D_FORTIFY_SOURCE=2 -fstack-protector --param=ssp-buffer-size=4  -fPIC  conftest.c >&5
configure:7894: $? = 0
configure:7894: result: yes
configure:7894: checking for unistd.h
configure:7894: x86_64-mandriva-linux-gnu-gcc -c -O2 -Wa,--compress-debug-sections -gdwarf-4 -fvar-tracking-assignments -frecord-gcc-switches -Wstrict-aliasing=2 -pipe -Wformat -Werror=format-security -Wp,-D_FORTIFY_SOURCE=2 -fstack-protector --param=ssp-buffer-size=4  -fPIC  conftest.c >&5
configure:7894: $? = 0
configure:7894: result: yes
configure:7908: checking for dlfcn.h
configure:7908: x86_64-mandriva-linux-gnu-gcc -c -O2 -Wa,--compress-debug-sections -gdwarf-4 -fvar-tracking-assignments -frecord-gcc-switches -Wstrict-aliasing=2 -pipe -Wformat -Werror=format-security -Wp,-D_FORTIFY_SOURCE=2 -fstack-protector --param=ssp-buffer-size=4  -fPIC  conftest.c >&5
configure:7908: $? = 0
configure:7908: result: yes
configure:8125: checking for objdir
configure:8140: result: .libs
configure:8411: checking if x86_64-mandriva-linux-gnu-gcc supports -fno-rtti -fno-exceptions
configure:8429: x86_64-mandriva-linux-gnu-gcc -c -O2 -Wa,--compress-debug-sections -gdwarf-4 -fvar-tracking-assignments -frecord-gcc-switches -Wstrict-aliasing=2 -pipe -Wformat -Werror=format-security -Wp,-D_FORTIFY_SOURCE=2 -fstack-protector --param=ssp-buffer-size=4  -fPIC  -fno-rtti -fno-exceptions conftest.c >&5
cc1: warning: command line option '-fno-rtti' is valid for C++/ObjC++ but not for C [enabled by default]
configure:8433: $? = 0
configure:8446: result: no
configure:8773: checking for x86_64-mandriva-linux-gnu-gcc option to produce PIC
configure:8780: result: -fPIC -DPIC
configure:8788: checking if x86_64-mandriva-linux-gnu-gcc PIC flag -fPIC -DPIC works
configure:8806: x86_64-mandriva-linux-gnu-gcc -c -O2 -Wa,--compress-debug-sections -gdwarf-4 -fvar-tracking-assignments -frecord-gcc-switches -Wstrict-aliasing=2 -pipe -Wformat -Werror=format-security -Wp,-D_FORTIFY_SOURCE=2 -fstack-protector --param=ssp-buffer-size=4  -fPIC  -fPIC -DPIC -DPIC conftest.c >&5
configure:8810: $? = 0
configure:8823: result: yes
configure:8852: checking if x86_64-mandriva-linux-gnu-gcc static flag -static works
configure:8880: result: yes
configure:8895: checking if x86_64-mandriva-linux-gnu-gcc supports -c -o file.o
configure:8916: x86_64-mandriva-linux-gnu-gcc -c -O2 -Wa,--compress-debug-sections -gdwarf-4 -fvar-tracking-assignments -frecord-gcc-switches -Wstrict-aliasing=2 -pipe -Wformat -Werror=format-security -Wp,-D_FORTIFY_SOURCE=2 -fstack-protector --param=ssp-buffer-size=4  -fPIC  -o out/conftest2.o conftest.c >&5
configure:8920: $? = 0
configure:8942: result: yes
configure:8950: checking if x86_64-mandriva-linux-gnu-gcc supports -c -o file.o
configure:8997: result: yes
configure:9030: checking whether the x86_64-mandriva-linux-gnu-gcc linker (/usr/bin/ld -m elf_x86_64) supports shared libraries
configure:10184: result: yes
configure:10221: checking whether -lc should be explicitly linked in
configure:10229: x86_64-mandriva-linux-gnu-gcc -c -O2 -Wa,--compress-debug-sections -gdwarf-4 -fvar-tracking-assignments -frecord-gcc-switches -Wstrict-aliasing=2 -pipe -Wformat -Werror=format-security -Wp,-D_FORTIFY_SOURCE=2 -fstack-protector --param=ssp-buffer-size=4  -fPIC  conftest.c >&5
configure:10232: $? = 0
configure:10247: x86_64-mandriva-linux-gnu-gcc -shared  -fPIC -DPIC conftest.o  -v -Wl,-soname -Wl,conftest -o conftest 2\>\&1 \| /bin/grep  -lc  \>/dev/null 2\>\&1
configure:10250: $? = 0
configure:10264: result: no
configure:10424: checking dynamic linker characteristics
configure:10935: x86_64-mandriva-linux-gnu-gcc -o conftest -O2 -Wa,--compress-debug-sections -gdwarf-4 -fvar-tracking-assignments -frecord-gcc-switches -Wstrict-aliasing=2 -pipe -Wformat -Werror=format-security -Wp,-D_FORTIFY_SOURCE=2 -fstack-protector --param=ssp-buffer-size=4  -fPIC   -Wl,--no-undefined -Wl,-rpath -Wl,/foo conftest.c  >&5
configure:10935: $? = 0
configure:11161: result: GNU/Linux ld.so
configure:11268: checking how to hardcode library paths into programs
configure:11293: result: immediate
configure:11833: checking whether stripping libraries is possible
configure:11838: result: yes
configure:11873: checking if libtool supports shared libraries
configure:11875: result: yes
configure:11878: checking whether to build shared libraries
configure:11899: result: yes
configure:11902: checking whether to build static libraries
configure:11906: result: yes
configure:11929: checking how to run the C++ preprocessor
configure:11956: x86_64-mandriva-linux-gnu-g++ -E  conftest.cpp
configure:11956: $? = 0
configure:11970: x86_64-mandriva-linux-gnu-g++ -E  conftest.cpp
conftest.cpp:23:28: fatal error: ac_nonexistent.h: No such file or directory
compilation terminated.
configure:11970: $? = 1
configure: failed program was:
| /* confdefs.h */
| #define PACKAGE_NAME ""
| #define PACKAGE_TARNAME ""
| #define PACKAGE_VERSION ""
| #define PACKAGE_STRING ""
| #define PACKAGE_BUGREPORT ""
| #define PACKAGE_URL ""
| #define PACKAGE "ntrack"
| #define VERSION "016"
| #define STDC_HEADERS 1
| #define HAVE_SYS_TYPES_H 1
| #define HAVE_SYS_STAT_H 1
| #define HAVE_STDLIB_H 1
| #define HAVE_STRING_H 1
| #define HAVE_MEMORY_H 1
| #define HAVE_STRINGS_H 1
| #define HAVE_INTTYPES_H 1
| #define HAVE_STDINT_H 1
| #define HAVE_UNISTD_H 1
| #define HAVE_DLFCN_H 1
| #define LT_OBJDIR ".libs/"
| /* end confdefs.h.  */
| #include <ac_nonexistent.h>
configure:11995: result: x86_64-mandriva-linux-gnu-g++ -E
configure:12015: x86_64-mandriva-linux-gnu-g++ -E  conftest.cpp
configure:12015: $? = 0
configure:12029: x86_64-mandriva-linux-gnu-g++ -E  conftest.cpp
conftest.cpp:23:28: fatal error: ac_nonexistent.h: No such file or directory
compilation terminated.
configure:12029: $? = 1
configure: failed program was:
| /* confdefs.h */
| #define PACKAGE_NAME ""
| #define PACKAGE_TARNAME ""
| #define PACKAGE_VERSION ""
| #define PACKAGE_STRING ""
| #define PACKAGE_BUGREPORT ""
| #define PACKAGE_URL ""
| #define PACKAGE "ntrack"
| #define VERSION "016"
| #define STDC_HEADERS 1
| #define HAVE_SYS_TYPES_H 1
| #define HAVE_SYS_STAT_H 1
| #define HAVE_STDLIB_H 1
| #define HAVE_STRING_H 1
| #define HAVE_MEMORY_H 1
| #define HAVE_STRINGS_H 1
| #define HAVE_INTTYPES_H 1
| #define HAVE_STDINT_H 1
| #define HAVE_UNISTD_H 1
| #define HAVE_DLFCN_H 1
| #define LT_OBJDIR ".libs/"
| /* end confdefs.h.  */
| #include <ac_nonexistent.h>
configure:12198: checking for ld used by x86_64-mandriva-linux-gnu-g++
configure:12265: result: /usr/bin/ld -m elf_x86_64
configure:12272: checking if the linker (/usr/bin/ld -m elf_x86_64) is GNU ld
configure:12287: result: yes
configure:12342: checking whether the x86_64-mandriva-linux-gnu-g++ linker (/usr/bin/ld -m elf_x86_64) supports shared libraries
configure:13348: result: yes
configure:13384: x86_64-mandriva-linux-gnu-g++ -c -O2 -Wa,--compress-debug-sections -gdwarf-4 -fvar-tracking-assignments -frecord-gcc-switches -Wstrict-aliasing=2 -pipe -Wformat -Werror=format-security -Wp,-D_FORTIFY_SOURCE=2 -fstack-protector --param=ssp-buffer-size=4  -fPIC  conftest.cpp >&5
configure:13387: $? = 0
configure:13907: checking for x86_64-mandriva-linux-gnu-g++ option to produce PIC
configure:13914: result: -fPIC -DPIC
configure:13922: checking if x86_64-mandriva-linux-gnu-g++ PIC flag -fPIC -DPIC works
configure:13940: x86_64-mandriva-linux-gnu-g++ -c -O2 -Wa,--compress-debug-sections -gdwarf-4 -fvar-tracking-assignments -frecord-gcc-switches -Wstrict-aliasing=2 -pipe -Wformat -Werror=format-security -Wp,-D_FORTIFY_SOURCE=2 -fstack-protector --param=ssp-buffer-size=4  -fPIC  -fPIC -DPIC -DPIC conftest.cpp >&5
configure:13944: $? = 0
configure:13957: result: yes
configure:13980: checking if x86_64-mandriva-linux-gnu-g++ static flag -static works
configure:14008: result: yes
configure:14020: checking if x86_64-mandriva-linux-gnu-g++ supports -c -o file.o
configure:14041: x86_64-mandriva-linux-gnu-g++ -c -O2 -Wa,--compress-debug-sections -gdwarf-4 -fvar-tracking-assignments -frecord-gcc-switches -Wstrict-aliasing=2 -pipe -Wformat -Werror=format-security -Wp,-D_FORTIFY_SOURCE=2 -fstack-protector --param=ssp-buffer-size=4  -fPIC  -o out/conftest2.o conftest.cpp >&5
configure:14045: $? = 0
configure:14067: result: yes
configure:14072: checking if x86_64-mandriva-linux-gnu-g++ supports -c -o file.o
configure:14119: result: yes
configure:14149: checking whether the x86_64-mandriva-linux-gnu-g++ linker (/usr/bin/ld -m elf_x86_64) supports shared libraries
configure:14188: result: yes
configure:14329: checking dynamic linker characteristics
configure:15000: result: GNU/Linux ld.so
configure:15053: checking how to hardcode library paths into programs
configure:15078: result: immediate
configure:15151: checking for x86_64-mandriva-linux-gnu-pkg-config
configure:15169: found /usr/bin/x86_64-mandriva-linux-gnu-pkg-config
configure:15181: result: /usr/bin/x86_64-mandriva-linux-gnu-pkg-config
configure:15249: checking pkg-config is at least version 0.9.0
configure:15252: result: yes
configure:15296: checking for a Python interpreter with version >= 2.3.5
configure:15313: python -c import sys # split strings by '.' and convert to numeric. Append some zeros # because we need at least 4 digits for the hex conversion. # map returns an iterator in Python 3.0 and a list in 2.x minver = list(map(int, '2.3.5'.split('.'))) + [0, 0, 0] minverhex = 0 # xrange is not present in Python 3.0 and range returns an iterator for i in list(range(0, 4)): minverhex = (minverhex << 8) + minver[i] sys.exit(sys.hexversion < minverhex)
configure:15316: $? = 0
configure:15322: result: python
configure:15330: checking for python
configure:15348: found /usr/bin/python
configure:15360: result: /usr/bin/python
configure:15378: checking for python version
configure:15385: result: 2.7
configure:15397: checking for python platform
configure:15404: result: linux2
configure:15430: checking for python script directory
configure:15465: result: ${prefix}/lib/python2.7/site-packages
configure:15474: checking for python extension module directory
configure:15509: result: ${exec_prefix}/lib64/python2.7/site-packages
configure:15643: checking for GLIB
configure:15650: $PKG_CONFIG --exists --print-errors "glib-2.0"
configure:15653: $? = 0
configure:15667: $PKG_CONFIG --exists --print-errors "glib-2.0"
configure:15670: $? = 0
configure:15708: result: yes
configure:15729: checking for GOBJECT
configure:15736: $PKG_CONFIG --exists --print-errors "gobject-2.0"
configure:15739: $? = 0
configure:15753: $PKG_CONFIG --exists --print-errors "gobject-2.0"
configure:15756: $? = 0
configure:15794: result: yes
configure:15816: checking for PYGOBJECT
configure:15823: $PKG_CONFIG --exists --print-errors "pygobject-2.0"
configure:15826: $? = 0
configure:15840: $PKG_CONFIG --exists --print-errors "pygobject-2.0"
configure:15843: $? = 0
configure:16021: result: yes
configure:16064: checking for QTCORE
configure:16071: $PKG_CONFIG --exists --print-errors "QtCore"
configure:16074: $? = 0
configure:16088: $PKG_CONFIG --exists --print-errors "QtCore"
configure:16091: $? = 0
configure:16129: result: yes
configure:16139: checking for moc-qt4
configure:16169: result: no
configure:16139: checking for moc
configure:16155: found /usr/lib/qt4/bin/moc
configure:16166: result: moc
configure:16199: checking for LIBNL3_X
configure:16206: $PKG_CONFIG --exists --print-errors "libnl-route-3.0"
configure:16209: $? = 0
configure:16223: $PKG_CONFIG --exists --print-errors "libnl-route-3.0"
configure:16226: $? = 0
configure:16264: result: yes
configure:16273: checking for LIBNL3_1
configure:16280: $PKG_CONFIG --exists --print-errors "libnl-route-3.1"
Package libnl-route-3.1 was not found in the pkg-config search path.
Perhaps you should add the directory containing `libnl-route-3.1.pc'
to the PKG_CONFIG_PATH environment variable
No package 'libnl-route-3.1' found
configure:16283: $? = 1
configure:16297: $PKG_CONFIG --exists --print-errors "libnl-route-3.1"
Package libnl-route-3.1 was not found in the pkg-config search path.
Perhaps you should add the directory containing `libnl-route-3.1.pc'
to the PKG_CONFIG_PATH environment variable
No package 'libnl-route-3.1' found
configure:16300: $? = 1
configure:16314: result: no
No package 'libnl-route-3.1' found
configure:16347: checking for LIBNL3
configure:16354: $PKG_CONFIG --exists --print-errors "libnl-3.0 = 3.0"
Requested 'libnl-3.0 = 3.0' but version of libnl is 3.2.19
configure:16357: $? = 1
configure:16371: $PKG_CONFIG --exists --print-errors "libnl-3.0 = 3.0"
Requested 'libnl-3.0 = 3.0' but version of libnl is 3.2.19
configure:16374: $? = 1
configure:16388: result: no
Requested 'libnl-3.0 = 3.0' but version of libnl is 3.2.19
configure:16424: checking for LIBNL2
configure:16431: $PKG_CONFIG --exists --print-errors "libnl-2.0"
Package libnl-2.0 was not found in the pkg-config search path.
Perhaps you should add the directory containing `libnl-2.0.pc'
to the PKG_CONFIG_PATH environment variable
No package 'libnl-2.0' found
configure:16434: $? = 1
configure:16448: $PKG_CONFIG --exists --print-errors "libnl-2.0"
Package libnl-2.0 was not found in the pkg-config search path.
Perhaps you should add the directory containing `libnl-2.0.pc'
to the PKG_CONFIG_PATH environment variable
No package 'libnl-2.0' found
configure:16451: $? = 1
configure:16465: result: no
No package 'libnl-2.0' found
configure:16498: checking for LIBNL1
configure:16505: $PKG_CONFIG --exists --print-errors "libnl-1"
configure:16508: $? = 0
configure:16522: $PKG_CONFIG --exists --print-errors "libnl-1"
configure:16525: $? = 0
configure:16563: result: yes
configure:16653: WARNING:
------------
	libnl-3.1 (and later) official release keeps a dangling reference when
        recycling a cache manager.

        This will cause ntrack unit tests to fail. If you see segfaults in any
        recycle test when running make check, ensure that you have the following
        patches applied to your libnl:
	 - ntrack/3rd-party/libnl-3.1/0001-avoid-dangling-co_major_cache-reference-to-NL_AUTO_P.patch
------------

configure:16784: checking that generated files are newer than configure
configure:16790: result: done
configure:16861: creating ./config.status

## ---------------- ##
## Cache variables. ##
## ---------------- ##

ac_cv_build=x86_64-mandriva-linux-gnu
ac_cv_c_compiler_gnu=yes
ac_cv_cxx_compiler_gnu=yes
ac_cv_env_CCC_set=
ac_cv_env_CCC_value=
ac_cv_env_CC_set=
ac_cv_env_CC_value=
ac_cv_env_CFLAGS_set=set
ac_cv_env_CFLAGS_value='-O2 -Wa,--compress-debug-sections -gdwarf-4 -fvar-tracking-assignments -frecord-gcc-switches -Wstrict-aliasing=2 -pipe -Wformat -Werror=format-security -Wp,-D_FORTIFY_SOURCE=2 -fstack-protector --param=ssp-buffer-size=4  -fPIC'
ac_cv_env_CPPFLAGS_set=
ac_cv_env_CPPFLAGS_value=
ac_cv_env_CPP_set=
ac_cv_env_CPP_value=
ac_cv_env_CXXCPP_set=
ac_cv_env_CXXCPP_value=
ac_cv_env_CXXFLAGS_set=set
ac_cv_env_CXXFLAGS_value='-O2 -Wa,--compress-debug-sections -gdwarf-4 -fvar-tracking-assignments -frecord-gcc-switches -Wstrict-aliasing=2 -pipe -Wformat -Werror=format-security -Wp,-D_FORTIFY_SOURCE=2 -fstack-protector --param=ssp-buffer-size=4  -fPIC'
ac_cv_env_CXX_set=
ac_cv_env_CXX_value=
ac_cv_env_GLIB_CFLAGS_set=
ac_cv_env_GLIB_CFLAGS_value=
ac_cv_env_GLIB_LIBS_set=
ac_cv_env_GLIB_LIBS_value=
ac_cv_env_GOBJECT_CFLAGS_set=
ac_cv_env_GOBJECT_CFLAGS_value=
ac_cv_env_GOBJECT_LIBS_set=
ac_cv_env_GOBJECT_LIBS_value=
ac_cv_env_LDFLAGS_set=set
ac_cv_env_LDFLAGS_value=' -Wl,--no-undefined'
ac_cv_env_LIBNL1_CFLAGS_set=
ac_cv_env_LIBNL1_CFLAGS_value=
ac_cv_env_LIBNL1_LIBS_set=
ac_cv_env_LIBNL1_LIBS_value=
ac_cv_env_LIBNL2_CFLAGS_set=
ac_cv_env_LIBNL2_CFLAGS_value=
ac_cv_env_LIBNL2_LIBS_set=
ac_cv_env_LIBNL2_LIBS_value=
ac_cv_env_LIBNL3_1_CFLAGS_set=
ac_cv_env_LIBNL3_1_CFLAGS_value=
ac_cv_env_LIBNL3_1_LIBS_set=
ac_cv_env_LIBNL3_1_LIBS_value=
ac_cv_env_LIBNL3_CFLAGS_set=
ac_cv_env_LIBNL3_CFLAGS_value=
ac_cv_env_LIBNL3_LIBS_set=
ac_cv_env_LIBNL3_LIBS_value=
ac_cv_env_LIBNL3_X_CFLAGS_set=
ac_cv_env_LIBNL3_X_CFLAGS_value=
ac_cv_env_LIBNL3_X_LIBS_set=
ac_cv_env_LIBNL3_X_LIBS_value=
ac_cv_env_LIBS_set=
ac_cv_env_LIBS_value=
ac_cv_env_PKG_CONFIG_LIBDIR_set=
ac_cv_env_PKG_CONFIG_LIBDIR_value=
ac_cv_env_PKG_CONFIG_PATH_set=
ac_cv_env_PKG_CONFIG_PATH_value=
ac_cv_env_PKG_CONFIG_set=
ac_cv_env_PKG_CONFIG_value=
ac_cv_env_PYGOBJECT_CFLAGS_set=
ac_cv_env_PYGOBJECT_CFLAGS_value=
ac_cv_env_PYGOBJECT_LIBS_set=
ac_cv_env_PYGOBJECT_LIBS_value=
ac_cv_env_PYTHON_set=
ac_cv_env_PYTHON_value=
ac_cv_env_QTCORE_CFLAGS_set=
ac_cv_env_QTCORE_CFLAGS_value=
ac_cv_env_QTCORE_LIBS_set=
ac_cv_env_QTCORE_LIBS_value=
ac_cv_env_build_alias_set=set
ac_cv_env_build_alias_value=x86_64-mandriva-linux-gnu
ac_cv_env_host_alias_set=set
ac_cv_env_host_alias_value=x86_64-mandriva-linux-gnu
ac_cv_env_target_alias_set=set
ac_cv_env_target_alias_value=x86_64-mandriva-linux-gnu
ac_cv_header_dlfcn_h=yes
ac_cv_header_inttypes_h=yes
ac_cv_header_memory_h=yes
ac_cv_header_stdc=yes
ac_cv_header_stdint_h=yes
ac_cv_header_stdlib_h=yes
ac_cv_header_string_h=yes
ac_cv_header_strings_h=yes
ac_cv_header_sys_stat_h=yes
ac_cv_header_sys_types_h=yes
ac_cv_header_unistd_h=yes
ac_cv_host=x86_64-mandriva-linux-gnu
ac_cv_objext=o
ac_cv_path_EGREP='/bin/grep -E'
ac_cv_path_FGREP='/bin/grep -F'
ac_cv_path_GREP=/bin/grep
ac_cv_path_PKG_CONFIG=/usr/bin/x86_64-mandriva-linux-gnu-pkg-config
ac_cv_path_PYTHON=/usr/bin/python
ac_cv_path_SED=/bin/sed
ac_cv_path_install='/usr/bin/install -c'
ac_cv_path_mkdir=/bin/mkdir
ac_cv_prog_AR=x86_64-mandriva-linux-gnu-ar
ac_cv_prog_AWK=gawk
ac_cv_prog_CC=x86_64-mandriva-linux-gnu-gcc
ac_cv_prog_CPP='x86_64-mandriva-linux-gnu-gcc -E'
ac_cv_prog_CXX=x86_64-mandriva-linux-gnu-g++
ac_cv_prog_CXXCPP='x86_64-mandriva-linux-gnu-g++ -E'
ac_cv_prog_MOC_QT4_BIN=moc
ac_cv_prog_OBJDUMP=x86_64-mandriva-linux-gnu-objdump
ac_cv_prog_RANLIB=x86_64-mandriva-linux-gnu-ranlib
ac_cv_prog_STRIP=x86_64-mandriva-linux-gnu-strip
ac_cv_prog_cc_c89=
ac_cv_prog_cc_g=yes
ac_cv_prog_cxx_g=yes
ac_cv_prog_make_make_set=yes
am_cv_CC_dependencies_compiler_type=gcc3
am_cv_CXX_dependencies_compiler_type=gcc3
am_cv_make_support_nested_variables=yes
am_cv_pathless_PYTHON=python
am_cv_python_platform=linux2
am_cv_python_pyexecdir='${exec_prefix}/lib64/python2.7/site-packages'
am_cv_python_pythondir='${prefix}/lib/python2.7/site-packages'
am_cv_python_version=2.7
lt_cv_ar_at_file=@
lt_cv_archive_cmds_need_lc=no
lt_cv_deplibs_check_method=pass_all
lt_cv_file_magic_cmd='$MAGIC_CMD'
lt_cv_file_magic_test_file=
lt_cv_ld_reload_flag=-r
lt_cv_nm_interface='BSD nm'
lt_cv_objdir=.libs
lt_cv_path_LD=/usr/bin/ld
lt_cv_path_LDCXX='/usr/bin/ld -m elf_x86_64'
lt_cv_path_NM='/usr/bin/nm -B'
lt_cv_path_mainfest_tool=no
lt_cv_prog_compiler_c_o=yes
lt_cv_prog_compiler_c_o_CXX=yes
lt_cv_prog_compiler_pic='-fPIC -DPIC'
lt_cv_prog_compiler_pic_CXX='-fPIC -DPIC'
lt_cv_prog_compiler_pic_works=yes
lt_cv_prog_compiler_pic_works_CXX=yes
lt_cv_prog_compiler_rtti_exceptions=no
lt_cv_prog_compiler_static_works=yes
lt_cv_prog_compiler_static_works_CXX=yes
lt_cv_prog_gnu_ld=yes
lt_cv_prog_gnu_ldcxx=yes
lt_cv_sharedlib_from_linklib_cmd='printf %s\n'
lt_cv_shlibpath_overrides_runpath=yes
lt_cv_sys_global_symbol_pipe='sed -n -e '\''s/^.*[	 ]\([ABCDGIRSTW][ABCDGIRSTW]*\)[	 ][	 ]*\([_A-Za-z][_A-Za-z0-9]*\)$/\1 \2 \2/p'\'' | sed '\''/ __gnu_lto/d'\'''
lt_cv_sys_global_symbol_to_c_name_address='sed -n -e '\''s/^: \([^ ]*\)[ ]*$/  {\"\1\", (void *) 0},/p'\'' -e '\''s/^[ABCDGIRSTW]* \([^ ]*\) \([^ ]*\)$/  {"\2", (void *) \&\2},/p'\'''
lt_cv_sys_global_symbol_to_c_name_address_lib_prefix='sed -n -e '\''s/^: \([^ ]*\)[ ]*$/  {\"\1\", (void *) 0},/p'\'' -e '\''s/^[ABCDGIRSTW]* \([^ ]*\) \(lib[^ ]*\)$/  {"\2", (void *) \&\2},/p'\'' -e '\''s/^[ABCDGIRSTW]* \([^ ]*\) \([^ ]*\)$/  {"lib\2", (void *) \&\2},/p'\'''
lt_cv_sys_global_symbol_to_cdecl='sed -n -e '\''s/^T .* \(.*\)$/extern int \1();/p'\'' -e '\''s/^[ABCDGIRSTW]* .* \(.*\)$/extern char \1;/p'\'''
lt_cv_sys_max_cmd_len=1572864
lt_cv_to_host_file_cmd=func_convert_file_noop
lt_cv_to_tool_file_cmd=func_convert_file_noop
pkg_cv_GLIB_CFLAGS='-I/usr/include/glib-2.0 -I/usr/lib64/glib-2.0/include '
pkg_cv_GLIB_LIBS='-lglib-2.0 '
pkg_cv_GOBJECT_CFLAGS='-I/usr/include/glib-2.0 -I/usr/lib64/glib-2.0/include '
pkg_cv_GOBJECT_LIBS='-lgobject-2.0 -lglib-2.0 '
pkg_cv_LIBNL1_CFLAGS=
pkg_cv_LIBNL1_LIBS='-lnl '
pkg_cv_LIBNL3_X_CFLAGS='-I/usr/include/libnl3 '
pkg_cv_LIBNL3_X_LIBS='-lnl-route-3 -lnl-3 '
pkg_cv_PYGOBJECT_CFLAGS='-I/usr/include/pygtk-2.0 -I/usr/lib64/libffi-3.0.11/include -I/usr/include/glib-2.0 -I/usr/lib64/glib-2.0/include '
pkg_cv_PYGOBJECT_LIBS='-lgobject-2.0 -lglib-2.0 '
pkg_cv_QTCORE_CFLAGS='-DQT_SHARED -I/usr/lib/qt4/include -I/usr/lib/qt4/include/QtCore '
pkg_cv_QTCORE_LIBS='-lQtCore '

## ----------------- ##
## Output variables. ##
## ----------------- ##

ACLOCAL='${SHELL} /home/bero/abf/ntrack/BUILD/ntrack-016/missing aclocal-1.13'
AMDEPBACKSLASH='\'
AMDEP_FALSE='#'
AMDEP_TRUE=''
AMTAR='$${TAR-tar}'
AM_BACKSLASH='\'
AM_DEFAULT_V='$(AM_DEFAULT_VERBOSITY)'
AM_DEFAULT_VERBOSITY='1'
AM_V='$(V)'
AR='x86_64-mandriva-linux-gnu-ar'
AUTOCONF='${SHELL} /home/bero/abf/ntrack/BUILD/ntrack-016/missing autoconf'
AUTOHEADER='${SHELL} /home/bero/abf/ntrack/BUILD/ntrack-016/missing autoheader'
AUTOMAKE='${SHELL} /home/bero/abf/ntrack/BUILD/ntrack-016/missing automake-1.13'
AWK='gawk'
CC='x86_64-mandriva-linux-gnu-gcc'
CCDEPMODE='depmode=gcc3'
CFLAGS='-O2 -Wa,--compress-debug-sections -gdwarf-4 -fvar-tracking-assignments -frecord-gcc-switches -Wstrict-aliasing=2 -pipe -Wformat -Werror=format-security -Wp,-D_FORTIFY_SOURCE=2 -fstack-protector --param=ssp-buffer-size=4  -fPIC'
CPP='x86_64-mandriva-linux-gnu-gcc -E'
CPPFLAGS=''
CXX='x86_64-mandriva-linux-gnu-g++'
CXXCPP='x86_64-mandriva-linux-gnu-g++ -E'
CXXDEPMODE='depmode=gcc3'
CXXFLAGS='-O2 -Wa,--compress-debug-sections -gdwarf-4 -fvar-tracking-assignments -frecord-gcc-switches -Wstrict-aliasing=2 -pipe -Wformat -Werror=format-security -Wp,-D_FORTIFY_SOURCE=2 -fstack-protector --param=ssp-buffer-size=4  -fPIC'
CYGPATH_W='echo'
DEFS='-DHAVE_CONFIG_H'
DEPDIR='.deps'
DLLTOOL='false'
DSYMUTIL=''
DUMPBIN=''
ECHO_C=''
ECHO_N='-n'
ECHO_T=''
EGREP='/bin/grep -E'
EXEEXT=''
FGREP='/bin/grep -F'
GLIB_CFLAGS='-I/usr/include/glib-2.0 -I/usr/lib64/glib-2.0/include '
GLIB_LIBS='-lglib-2.0 '
GOBJECT_CFLAGS='-I/usr/include/glib-2.0 -I/usr/lib64/glib-2.0/include '
GOBJECT_LIBS='-lgobject-2.0 -lglib-2.0 '
GREP='/bin/grep'
H2DEF='python /usr/share/pygobject/2.0/codegen/h2def.py'
HAVE_GLIB2_FALSE='#'
HAVE_GLIB2_TRUE=''
HAVE_GOBJECT_FALSE='#'
HAVE_GOBJECT_TRUE=''
HAVE_LIBNL1_FALSE='#'
HAVE_LIBNL1_TRUE=''
HAVE_LIBNL2_FALSE=''
HAVE_LIBNL2_TRUE='#'
HAVE_LIBNL3_1_FALSE=''
HAVE_LIBNL3_1_TRUE='#'
HAVE_LIBNL3_FALSE=''
HAVE_LIBNL3_TRUE='#'
HAVE_LIBNL3_X_FALSE='#'
HAVE_LIBNL3_X_TRUE=''
HAVE_MODULE_RTNETLINK_FALSE=''
HAVE_MODULE_RTNETLINK_TRUE='#'
HAVE_PYGOBJECT_FALSE='#'
HAVE_PYGOBJECT_TRUE=''
HAVE_QT4_FALSE='#'
HAVE_QT4_TRUE=''
INSTALL_DATA='${INSTALL} -m 644'
INSTALL_PROGRAM='${INSTALL}'
INSTALL_SCRIPT='${INSTALL}'
INSTALL_STRIP_PROGRAM='$(install_sh) -c -s'
ISODATE='2013-01-28'
LD='/usr/bin/ld -m elf_x86_64'
LDFLAGS=' -Wl,--no-undefined'
LIBNL1_CFLAGS=''
LIBNL1_LIBS='-lnl '
LIBNL2_CFLAGS=''
LIBNL2_LIBS=''
LIBNL3_1_CFLAGS=''
LIBNL3_1_LIBS=''
LIBNL3_CFLAGS=''
LIBNL3_LIBS=''
LIBNL3_X_CFLAGS='-I/usr/include/libnl3 '
LIBNL3_X_LIBS='-lnl-route-3 -lnl-3 '
LIBOBJS=''
LIBS=''
LIBTOOL='$(SHELL) $(top_builddir)/libtool'
LIPO=''
LN_S='ln -s'
LTLIBOBJS=''
MAINT=''
MAINTAINER_MODE_FALSE='#'
MAINTAINER_MODE_TRUE=''
MAKEINFO='${SHELL} /home/bero/abf/ntrack/BUILD/ntrack-016/missing makeinfo'
MANIFEST_TOOL=':'
MKDIR_P='/bin/mkdir -p'
MOC_QT4_BIN='moc'
NM='/usr/bin/nm -B'
NMEDIT=''
OBJDUMP='x86_64-mandriva-linux-gnu-objdump'
OBJEXT='o'
OTOOL64=''
OTOOL=''
PACKAGE='ntrack'
PACKAGE_BUGREPORT=''
PACKAGE_NAME=''
PACKAGE_STRING=''
PACKAGE_TARNAME=''
PACKAGE_URL=''
PACKAGE_VERSION=''
PATH_SEPARATOR=':'
PKG_CONFIG='/usr/bin/x86_64-mandriva-linux-gnu-pkg-config'
PKG_CONFIG_LIBDIR=''
PKG_CONFIG_PATH=''
PYGOBJECT_CFLAGS='-I/usr/include/pygtk-2.0 -I/usr/lib64/libffi-3.0.11/include -I/usr/include/glib-2.0 -I/usr/lib64/glib-2.0/include '
PYGOBJECT_LIBS='-lgobject-2.0 -lglib-2.0 '
PYG_CODEGEN='pygobject-codegen-2.0'
PYTHON='/usr/bin/python'
PYTHON_EXEC_PREFIX='${exec_prefix}'
PYTHON_INCLUDES='-isystem/usr/include/python2.7'
PYTHON_PLATFORM='linux2'
PYTHON_PREFIX='${prefix}'
PYTHON_VERSION='2.7'
QTCORE_CFLAGS='-DQT_SHARED -I/usr/lib/qt4/include -I/usr/lib/qt4/include/QtCore '
QTCORE_LIBS='-lQtCore '
RANLIB='x86_64-mandriva-linux-gnu-ranlib'
SED='/bin/sed'
SET_MAKE=''
SHELL='/bin/sh'
STRIP='x86_64-mandriva-linux-gnu-strip'
VERSION='016'
ac_ct_AR=''
ac_ct_CC=''
ac_ct_CXX=''
ac_ct_DUMPBIN=''
am__EXEEXT_FALSE=''
am__EXEEXT_TRUE='#'
am__fastdepCC_FALSE='#'
am__fastdepCC_TRUE=''
am__fastdepCXX_FALSE='#'
am__fastdepCXX_TRUE=''
am__include='include'
am__isrc=''
am__leading_dot='.'
am__nodep='_no'
am__quote=''
am__tar='$${TAR-tar} chof - "$$tardir"'
am__untar='$${TAR-tar} xf -'
bindir='/usr/bin'
build='x86_64-mandriva-linux-gnu'
build_alias='x86_64-mandriva-linux-gnu'
build_cpu='x86_64'
build_os='linux-gnu'
build_vendor='mandriva'
datadir='/usr/share'
datarootdir='${prefix}/share'
docdir='${datarootdir}/doc/${PACKAGE}'
dvidir='${docdir}'
exec_prefix='/usr'
host='x86_64-mandriva-linux-gnu'
host_alias='x86_64-mandriva-linux-gnu'
host_cpu='x86_64'
host_os='linux-gnu'
host_vendor='mandriva'
htmldir='${docdir}'
includedir='/usr/include'
infodir='/usr/share/info'
install_sh='${SHELL} /home/bero/abf/ntrack/BUILD/ntrack-016/install-sh'
libdir='/usr/lib64'
libexecdir='/usr/lib64'
localedir='${datarootdir}/locale'
localstatedir='/var'
mandir='/usr/share/man'
mkdir_p='$(MKDIR_P)'
oldincludedir='/usr/include'
pdfdir='${docdir}'
pkgpyexecdir='${pyexecdir}/ntrack'
pkgpythondir='${pythondir}/ntrack'
prefix='/usr'
program_transform_name='s&^&&'
psdir='${docdir}'
pyexecdir='${exec_prefix}/lib64/python2.7/site-packages'
pythondir='${prefix}/lib/python2.7/site-packages'
sbindir='/usr/sbin'
sharedstatedir='/usr/com'
sysconfdir='/etc'
target_alias='x86_64-mandriva-linux-gnu'

## ----------- ##
## confdefs.h. ##
## ----------- ##

/* confdefs.h */
#define PACKAGE_NAME ""
#define PACKAGE_TARNAME ""
#define PACKAGE_VERSION ""
#define PACKAGE_STRING ""
#define PACKAGE_BUGREPORT ""
#define PACKAGE_URL ""
#define PACKAGE "ntrack"
#define VERSION "016"
#define STDC_HEADERS 1
#define HAVE_SYS_TYPES_H 1
#define HAVE_SYS_STAT_H 1
#define HAVE_STDLIB_H 1
#define HAVE_STRING_H 1
#define HAVE_MEMORY_H 1
#define HAVE_STRINGS_H 1
#define HAVE_INTTYPES_H 1
#define HAVE_STDINT_H 1
#define HAVE_UNISTD_H 1
#define HAVE_DLFCN_H 1
#define LT_OBJDIR ".libs/"
#define AUTHOR "Alexander Sack <asac@jwsdot.com>"
#define COPYRIGHT "Copyright (C) 2009-2011"
#define LICENSE "GPLv3+ or LGPLv3+"
#define MODULE_LIBNL 1

configure: exit 0

## ---------------------- ##
## Running config.status. ##
## ---------------------- ##

This file was extended by config.status, which was
generated by GNU Autoconf 2.69.  Invocation command line was

  CONFIG_FILES    = 
  CONFIG_HEADERS  = 
  CONFIG_LINKS    = 
  CONFIG_COMMANDS = 
  $ ./config.status 

on filzbach.lindev.ch

config.status:1220: creating Makefile
config.status:1220: creating common/Makefile
config.status:1220: creating common/test/Makefile
config.status:1220: creating modules/Makefile
config.status:1220: creating glib/Makefile
config.status:1220: creating glib/test/Makefile
config.status:1220: creating gobject/Makefile
config.status:1220: creating gobject/test/Makefile
config.status:1220: creating qt4/Makefile
config.status:1220: creating qt4/test/Makefile
config.status:1220: creating common/libntrack.pc
config.status:1220: creating glib/libntrack-glib.pc
config.status:1220: creating gobject/libntrack-gobject.pc
config.status:1220: creating qt4/libntrack-qt4.pc
config.status:1220: creating config.h
config.status:1401: config.h is unchanged
config.status:1449: executing depfiles commands
config.status:1449: executing libtool commands

## ---------------------- ##
## Running config.status. ##
## ---------------------- ##

This file was extended by config.status, which was
generated by GNU Autoconf 2.69.  Invocation command line was

  CONFIG_FILES    = 
  CONFIG_HEADERS  = 
  CONFIG_LINKS    = 
  CONFIG_COMMANDS = 
  $ ./config.status config.h

on filzbach.lindev.ch

config.status:1220: creating config.h
config.status:1401: config.h is unchanged
